<?xml version="1.0" encoding="UTF-8"?>
<!-- Generated by org.testng.reporters.JUnitXMLReporter -->
<testsuite ignored="2" hostname="LAPTOP-L2UM9ODI" failures="0" tests="2" name=" Regression Wikipedia Tests" time="175.182" errors="0" timestamp="2025-11-19T17:08:35 IST">
  <testcase classname="tests.WikipediaSearchTest" name="search" time="57.049"/>
  <testcase classname="tests.ArticleTest" name="verifyArticleNavigationAndReaderSettings" time="117.948"/>
  <testcase classname="base.RegressionBaseTest" name="@BeforeSuite setUp" time="0.0">
    <ignored/>
  </testcase> <!-- @BeforeSuite setUp -->
  <testcase classname="base.RegressionBaseTest" name="@AfterSuite tearDown" time="0.0">
    <ignored/>
  </testcase> <!-- @AfterSuite tearDown -->
</testsuite> <!--  Regression Wikipedia Tests -->
