<?xml version="1.0" encoding="UTF-8"?>
<!-- Generated by org.testng.reporters.JUnitXMLReporter -->
<testsuite ignored="2" hostname="LAPTOP-L2UM9ODI" failures="0" tests="2" name="Regression Tests" time="87.705" errors="0" timestamp="2025-11-27T18:27:06 IST">
  <testcase classname="tests.WikipediaSearchTest" name="search" time="8.678"/>
  <testcase classname="tests.ArticleTest" name="verifyArticleNavigationAndReaderSettings" time="78.249"/>
  <testcase classname="base.RegressionBaseTest" name="@BeforeSuite setUp" time="0.0">
    <ignored/>
  </testcase> <!-- @BeforeSuite setUp -->
  <testcase classname="base.RegressionBaseTest" name="@AfterSuite tearDown" time="0.0">
    <ignored/>
  </testcase> <!-- @AfterSuite tearDown -->
</testsuite> <!-- Regression Tests -->
