<?xml version="1.0" encoding="UTF-8"?>
<testng-results ignored="0" total="2" passed="2" failed="0" skipped="0">
  <reporter-output>
  </reporter-output>
  <suite started-at="2025-11-19T17:05:40 IST" name="Regression Wikipedia Automation Suite" finished-at="2025-11-19T17:08:35 IST" duration-ms="175182">
    <groups>
    </groups>
    <test started-at="2025-11-19T17:05:40 IST" name=" Regression Wikipedia Tests" finished-at="2025-11-19T17:08:35 IST" duration-ms="175182">
      <class name="tests.ArticleTest">
        <test-method signature="verifyArticleNavigationAndReaderSettings()[pri:0, instance:tests.ArticleTest@50f6ac94]" started-at="2025-11-19T17:06:37 IST" name="verifyArticleNavigationAndReaderSettings" finished-at="2025-11-19T17:08:35 IST" duration-ms="117948" status="PASS">
          <reporter-output>
          </reporter-output>
        </test-method> <!-- verifyArticleNavigationAndReaderSettings -->
      </class> <!-- tests.ArticleTest -->
      <class name="tests.WikipediaSearchTest">
        <test-method is-config="true" signature="setUp()[pri:0, instance:tests.WikipediaSearchTest@5167f57d]" started-at="2025-11-19T17:04:35 IST" name="setUp" finished-at="2025-11-19T17:05:40 IST" duration-ms="64960" status="PASS">
          <reporter-output>
          </reporter-output>
        </test-method> <!-- setUp -->
        <test-method signature="search()[pri:0, instance:tests.WikipediaSearchTest@5167f57d]" started-at="2025-11-19T17:05:40 IST" name="search" finished-at="2025-11-19T17:06:37 IST" duration-ms="57049" status="PASS">
          <reporter-output>
          </reporter-output>
        </test-method> <!-- search -->
        <test-method is-config="true" signature="tearDown()[pri:0, instance:tests.WikipediaSearchTest@5167f57d]" started-at="2025-11-19T17:08:35 IST" name="tearDown" finished-at="2025-11-19T17:08:55 IST" duration-ms="19569" status="PASS">
          <reporter-output>
          </reporter-output>
        </test-method> <!-- tearDown -->
      </class> <!-- tests.WikipediaSearchTest -->
    </test> <!--  Regression Wikipedia Tests -->
  </suite> <!-- Regression Wikipedia Automation Suite -->
</testng-results>
