<?xml version="1.0" encoding="UTF-8"?>
<!-- Generated by org.testng.reporters.JUnitXMLReporter -->
<testsuite ignored="0" hostname="LAPTOP-L2UM9ODI" failures="0" tests="5" name="Negative Search Test" time="199.794" errors="0" timestamp="2025-11-16T23:56:59 IST">
  <testcase classname="negativetests.NegativeSearchTest" name="searchInvalidText" time="16.313"/>
  <testcase classname="negativetests.NegativeSearchTest" name="searchSpecialCharacters" time="17.254"/>
  <testcase classname="negativetests.NegativeSearchTest" name="searchVeryLongText" time="16.26"/>
  <testcase classname="negativetests.NegativeSearchTest" name="searchEmptyInput" time="17.132"/>
  <testcase classname="negativetests.NegativeSearchTest" name="searchSpacesOnly" time="16.107"/>
</testsuite> <!-- Negative Search Test -->
