<?xml version="1.0" encoding="UTF-8"?>
<!-- Generated by org.testng.reporters.JUnitXMLReporter -->
<testsuite ignored="0" hostname="LAPTOP-L2UM9ODI" failures="1" tests="5" name="Negative Search Test" time="199.575" errors="0" timestamp="2025-11-17T20:19:44 IST">
  <testcase classname="negativetests.NegativeSearchTest" name="searchInvalidText" time="12.137">
    <failure type="org.openqa.selenium.TimeoutException" message="Expected condition failed: waiting for element to be clickable: By.id: org.wikipedia:id/search_card (tried for 10 second(s) with 500 milliseconds interval)">
      <![CDATA[org.openqa.selenium.TimeoutException: Expected condition failed: waiting for element to be clickable: By.id: org.wikipedia:id/search_card (tried for 10 second(s) with 500 milliseconds interval)
at org.openqa.selenium.support.ui.WebDriverWait.timeoutException(WebDriverWait.java:95)
at org.openqa.selenium.support.ui.FluentWait.until(FluentWait.java:272)
at utils.WaitUtil.waitForClickable(WaitUtil.java:25)
at pages.WikipediaSearchPage.performSearch(WikipediaSearchPage.java:33)
at negativetests.NegativeSearchTest.searchInvalidText(NegativeSearchTest.java:11)
at java.base/java.util.ArrayList.forEach(ArrayList.java:1597)
Caused by: org.openqa.selenium.NoSuchElementException: An element could not be located on the page using the given search parameters.
For documentation on this error, please visit: https://www.seleniumhq.org/exceptions/no_such_element.html
Build info: version: '3.141.59', revision: 'e82be7d358', time: '2018-11-14T08:17:03'
System info: host: 'LAPTOP-L2UM9ODI', ip: '10.20.24.237', os.name: 'Windows 11', os.arch: 'amd64', os.version: '10.0', java.version: '23.0.2'
Driver info: io.appium.java_client.android.AndroidDriver
Capabilities {appActivity: com.android.launcher.Launcher, appPackage: com.android.launcher, automateName: UiAutomator2, databaseEnabled: false, desired: {appActivity: com.android.launcher.Launcher, appPackage: com.android.launcher, automateName: UiAutomator2, deviceName: AndroidDevice, ignoreHiddenApiPo;icyError: true, platformName: android, udid: T49P8X6LTG5DHE7H}, deviceApiLevel: 31, deviceManufacturer: realme, deviceModel: RMX3092, deviceName: T49P8X6LTG5DHE7H, deviceScreenDensity: 480, deviceScreenSize: 1080x2400, deviceUDID: T49P8X6LTG5DHE7H, ignoreHiddenApiPo;icyError: true, javascriptEnabled: true, locationContextEnabled: false, networkConnectionEnabled: true, pixelRatio: 3, platform: LINUX, platformName: Android, platformVersion: 12, statBarHeight: 110, takesScreenshot: true, udid: T49P8X6LTG5DHE7H, viewportRect: {height: 2180, left: 0, top: 110, width: 1080}, warnings: {}, webStorageEnabled: false}
Session ID: 05baca53-e77b-44d0-bed6-aefb9c5b7ad6
*** Element info: {Using=id, value=org.wikipedia:id/search_card}
at org.openqa.selenium.remote.http.W3CHttpResponseCodec.createException(W3CHttpResponseCodec.java:187)
at org.openqa.selenium.remote.http.W3CHttpResponseCodec.decode(W3CHttpResponseCodec.java:122)
at org.openqa.selenium.remote.http.W3CHttpResponseCodec.decode(W3CHttpResponseCodec.java:49)
at org.openqa.selenium.remote.HttpCommandExecutor.execute(HttpCommandExecutor.java:158)
at io.appium.java_client.remote.AppiumCommandExecutor.execute(AppiumCommandExecutor.java:250)
at org.openqa.selenium.remote.RemoteWebDriver.execute(RemoteWebDriver.java:552)
at io.appium.java_client.DefaultGenericMobileDriver.execute(DefaultGenericMobileDriver.java:41)
at io.appium.java_client.AppiumDriver.execute(AppiumDriver.java:1)
at io.appium.java_client.android.AndroidDriver.execute(AndroidDriver.java:1)
at org.openqa.selenium.remote.RemoteWebDriver.findElement(RemoteWebDriver.java:323)
at io.appium.java_client.DefaultGenericMobileDriver.findElement(DefaultGenericMobileDriver.java:61)
at io.appium.java_client.AppiumDriver.findElement(AppiumDriver.java:1)
at io.appium.java_client.android.AndroidDriver.findElement(AndroidDriver.java:1)
at org.openqa.selenium.remote.RemoteWebDriver.findElementById(RemoteWebDriver.java:372)
at io.appium.java_client.DefaultGenericMobileDriver.findElementById(DefaultGenericMobileDriver.java:69)
at io.appium.java_client.AppiumDriver.findElementById(AppiumDriver.java:1)
at io.appium.java_client.android.AndroidDriver.findElementById(AndroidDriver.java:1)
at org.openqa.selenium.By$ById.findElement(By.java:188)
at org.openqa.selenium.remote.RemoteWebDriver.findElement(RemoteWebDriver.java:315)
at io.appium.java_client.DefaultGenericMobileDriver.findElement(DefaultGenericMobileDriver.java:57)
at io.appium.java_client.AppiumDriver.findElement(AppiumDriver.java:1)
at io.appium.java_client.android.AndroidDriver.findElement(AndroidDriver.java:1)
at org.openqa.selenium.support.ui.ExpectedConditions$7.apply(ExpectedConditions.java:205)
at org.openqa.selenium.support.ui.ExpectedConditions$7.apply(ExpectedConditions.java:201)
at org.openqa.selenium.support.ui.ExpectedConditions$22.apply(ExpectedConditions.java:641)
at org.openqa.selenium.support.ui.ExpectedConditions$22.apply(ExpectedConditions.java:638)
at org.openqa.selenium.support.ui.FluentWait.until(FluentWait.java:249)
... 29 more
... Removed 28 stack frames]]>
    </failure>
  </testcase> <!-- searchInvalidText -->
  <testcase classname="negativetests.NegativeSearchTest" name="searchSpecialCharacters" time="17.307"/>
  <testcase classname="negativetests.NegativeSearchTest" name="searchVeryLongText" time="19.281"/>
  <testcase classname="negativetests.NegativeSearchTest" name="searchEmptyInput" time="16.123"/>
  <testcase classname="negativetests.NegativeSearchTest" name="searchSpacesOnly" time="17.037"/>
</testsuite> <!-- Negative Search Test -->
