<?xml version="1.0" encoding="UTF-8"?>
<!-- Generated by org.testng.reporters.JUnitXMLReporter -->
<testsuite ignored="0" hostname="LAPTOP-L2UM9ODI" failures="0" tests="5" name="Negative Search Tests" time="221.916" errors="0" timestamp="2025-11-27T18:32:01 IST">
  <testcase classname="negativetests.NegativeSearchTest" name="searchInvalidText" time="15.257"/>
  <testcase classname="negativetests.NegativeSearchTest" name="searchSpecialCharacters" time="15.329"/>
  <testcase classname="negativetests.NegativeSearchTest" name="searchVeryLongText" time="15.324"/>
  <testcase classname="negativetests.NegativeSearchTest" name="searchEmptyInput" time="14.619"/>
  <testcase classname="negativetests.NegativeSearchTest" name="searchSpacesOnly" time="15.73"/>
</testsuite> <!-- Negative Search Tests -->
