<?xml version="1.0" encoding="UTF-8"?>
<!-- Generated by org.testng.reporters.JUnitXMLReporter -->
<testsuite ignored="4" hostname="LAPTOP-L2UM9ODI" failures="1" tests="3" name="Wikipedia Tests" time="132.318" errors="0" timestamp="2025-11-15T23:40:09 IST">
  <testcase classname="tests.HomeTest" name="openApp" time="12.272"/>
  <testcase classname="tests.WikipediaSearchTest" name="search" time="10.018"/>
  <testcase classname="tests.ArticleTest" name="article" time="109.942">
    <failure type="org.openqa.selenium.NoSuchElementException" message="An element could not be located on the page using the given search parameters.
For documentation on this error, please visit: https://www.seleniumhq.org/exceptions/no_such_element.html
Build info: version: &amp;apos;3.141.59&amp;apos;, revision: &amp;apos;e82be7d358&amp;apos;, time: &amp;apos;2018-11-14T08:17:03&amp;apos;
System info: host: &amp;apos;LAPTOP-L2UM9ODI&amp;apos;, ip: &amp;apos;10.20.24.237&amp;apos;, os.name: &amp;apos;Windows 11&amp;apos;, os.arch: &amp;apos;amd64&amp;apos;, os.version: &amp;apos;10.0&amp;apos;, java.version: &amp;apos;23.0.2&amp;apos;
Driver info: io.appium.java_client.android.AndroidDriver
Capabilities {appActivity: com.android.launcher.Launcher, appPackage: com.android.launcher, automateName: UiAutomator2, databaseEnabled: false, desired: {appActivity: com.android.launcher.Launcher, appPackage: com.android.launcher, automateName: UiAutomator2, deviceName: AndroidDevice, ignoreHiddenApiPo;icyError: true, platformName: android, udid: T49P8X6LTG5DHE7H}, deviceApiLevel: 31, deviceManufacturer: realme, deviceModel: RMX3092, deviceName: T49P8X6LTG5DHE7H, deviceScreenDensity: 480, deviceScreenSize: 1080x2400, deviceUDID: T49P8X6LTG5DHE7H, ignoreHiddenApiPo;icyError: true, javascriptEnabled: true, locationContextEnabled: false, networkConnectionEnabled: true, pixelRatio: 3, platform: LINUX, platformName: Android, platformVersion: 12, statBarHeight: 110, takesScreenshot: true, udid: T49P8X6LTG5DHE7H, viewportRect: {height: 2180, left: 0, top: 110, width: 1080}, warnings: {}, webStorageEnabled: false}
Session ID: 2541b619-0c9d-46f4-9417-6225ec310103
*** Element info: {Using=-android uiautomator, value=new UiScrollable(new UiSelector().scrollable(true)).scrollTextIntoView(&amp;quot;Hindi&amp;quot;)}">
      <![CDATA[org.openqa.selenium.NoSuchElementException: An element could not be located on the page using the given search parameters.
For documentation on this error, please visit: https://www.seleniumhq.org/exceptions/no_such_element.html
Build info: version: '3.141.59', revision: 'e82be7d358', time: '2018-11-14T08:17:03'
System info: host: 'LAPTOP-L2UM9ODI', ip: '10.20.24.237', os.name: 'Windows 11', os.arch: 'amd64', os.version: '10.0', java.version: '23.0.2'
Driver info: io.appium.java_client.android.AndroidDriver
Capabilities {appActivity: com.android.launcher.Launcher, appPackage: com.android.launcher, automateName: UiAutomator2, databaseEnabled: false, desired: {appActivity: com.android.launcher.Launcher, appPackage: com.android.launcher, automateName: UiAutomator2, deviceName: AndroidDevice, ignoreHiddenApiPo;icyError: true, platformName: android, udid: T49P8X6LTG5DHE7H}, deviceApiLevel: 31, deviceManufacturer: realme, deviceModel: RMX3092, deviceName: T49P8X6LTG5DHE7H, deviceScreenDensity: 480, deviceScreenSize: 1080x2400, deviceUDID: T49P8X6LTG5DHE7H, ignoreHiddenApiPo;icyError: true, javascriptEnabled: true, locationContextEnabled: false, networkConnectionEnabled: true, pixelRatio: 3, platform: LINUX, platformName: Android, platformVersion: 12, statBarHeight: 110, takesScreenshot: true, udid: T49P8X6LTG5DHE7H, viewportRect: {height: 2180, left: 0, top: 110, width: 1080}, warnings: {}, webStorageEnabled: false}
Session ID: 2541b619-0c9d-46f4-9417-6225ec310103
*** Element info: {Using=-android uiautomator, value=new UiScrollable(new UiSelector().scrollable(true)).scrollTextIntoView("Hindi")}
at org.openqa.selenium.remote.http.W3CHttpResponseCodec.createException(W3CHttpResponseCodec.java:187)
at org.openqa.selenium.remote.http.W3CHttpResponseCodec.decode(W3CHttpResponseCodec.java:122)
at org.openqa.selenium.remote.http.W3CHttpResponseCodec.decode(W3CHttpResponseCodec.java:49)
at org.openqa.selenium.remote.HttpCommandExecutor.execute(HttpCommandExecutor.java:158)
at io.appium.java_client.remote.AppiumCommandExecutor.execute(AppiumCommandExecutor.java:250)
at org.openqa.selenium.remote.RemoteWebDriver.execute(RemoteWebDriver.java:552)
at io.appium.java_client.DefaultGenericMobileDriver.execute(DefaultGenericMobileDriver.java:41)
at io.appium.java_client.AppiumDriver.execute(AppiumDriver.java:1)
at io.appium.java_client.android.AndroidDriver.execute(AndroidDriver.java:1)
at org.openqa.selenium.remote.RemoteWebDriver.findElement(RemoteWebDriver.java:323)
at io.appium.java_client.DefaultGenericMobileDriver.findElement(DefaultGenericMobileDriver.java:61)
at io.appium.java_client.AppiumDriver.findElement(AppiumDriver.java:1)
at io.appium.java_client.android.AndroidDriver.findElement(AndroidDriver.java:1)
at io.appium.java_client.FindsByAndroidUIAutomator.findElementByAndroidUIAutomator(FindsByAndroidUIAutomator.java:38)
at pages.ArticlePage.language(ArticlePage.java:52)
at tests.ArticleTest.article(ArticleTest.java:16)
at java.base/java.util.ArrayList.forEach(ArrayList.java:1597)
... Removed 28 stack frames]]>
    </failure>
  </testcase> <!-- article -->
  <testcase classname="base.BaseTest" name="@AfterSuite tearDown" time="0.0">
    <ignored/>
  </testcase> <!-- @AfterSuite tearDown -->
  <testcase classname="base.BaseTest" name="@BeforeSuite setUp" time="0.0">
    <ignored/>
  </testcase> <!-- @BeforeSuite setUp -->
  <testcase classname="base.BaseTest" name="@AfterSuite tearDown" time="0.0">
    <ignored/>
  </testcase> <!-- @AfterSuite tearDown -->
  <testcase classname="base.BaseTest" name="@BeforeSuite setUp" time="0.0">
    <ignored/>
  </testcase> <!-- @BeforeSuite setUp -->
</testsuite> <!-- Wikipedia Tests -->
