<?xml version="1.0" encoding="UTF-8"?>
<!-- Generated by org.testng.reporters.JUnitXMLReporter -->
<testsuite ignored="2" hostname="LAPTOP-L2UM9ODI" failures="0" tests="2" name="Wikipedia Tests" time="26.226" errors="0" timestamp="2025-11-15T13:02:49 IST">
  <testcase classname="tests.HomeTest" name="openApp" time="15.178"/>
  <testcase classname="tests.WikipediaSearchTest" name="search" time="10.965"/>
  <testcase classname="base.BaseTest" name="@AfterSuite tearDown" time="0.0">
    <ignored/>
  </testcase> <!-- @AfterSuite tearDown -->
  <testcase classname="base.BaseTest" name="@BeforeSuite setUp" time="0.0">
    <ignored/>
  </testcase> <!-- @BeforeSuite setUp -->
</testsuite> <!-- Wikipedia Tests -->
