<?xml version="1.0" encoding="UTF-8"?>
<!-- Generated by org.testng.reporters.JUnitXMLReporter -->
<testsuite ignored="2" hostname="LAPTOP-L2UM9ODI" failures="0" tests="2" name="Wikipedia Tests" time="99.975" errors="0" timestamp="2025-11-16T23:40:36 IST">
  <testcase classname="tests.WikipediaSearchTest" name="search" time="10.943"/>
  <testcase classname="tests.ArticleTest" name="verifyArticleNavigationAndReaderSettings" time="88.988"/>
  <testcase classname="base.BaseTest" name="@AfterSuite tearDown" time="0.0">
    <ignored/>
  </testcase> <!-- @AfterSuite tearDown -->
  <testcase classname="base.BaseTest" name="@BeforeSuite setUp" time="0.0">
    <ignored/>
  </testcase> <!-- @BeforeSuite setUp -->
</testsuite> <!-- Wikipedia Tests -->
