<?xml version="1.0" encoding="UTF-8"?>
<!-- Generated by org.testng.reporters.JUnitXMLReporter -->
<testsuite ignored="4" hostname="LAPTOP-L2UM9ODI" failures="0" tests="3" name="Wikipedia Tests" time="118.483" errors="0" timestamp="2025-11-16T18:04:21 IST">
  <testcase classname="tests.HomeTest" name="openApp" time="14.414"/>
  <testcase classname="tests.WikipediaSearchTest" name="search" time="10.023"/>
  <testcase classname="tests.ArticleTest" name="article" time="93.93"/>
  <testcase classname="base.BaseTest" name="@AfterSuite tearDown" time="0.0">
    <ignored/>
  </testcase> <!-- @AfterSuite tearDown -->
  <testcase classname="base.BaseTest" name="@BeforeSuite setUp" time="0.0">
    <ignored/>
  </testcase> <!-- @BeforeSuite setUp -->
  <testcase classname="base.BaseTest" name="@AfterSuite tearDown" time="0.0">
    <ignored/>
  </testcase> <!-- @AfterSuite tearDown -->
  <testcase classname="base.BaseTest" name="@BeforeSuite setUp" time="0.0">
    <ignored/>
  </testcase> <!-- @BeforeSuite setUp -->
</testsuite> <!-- Wikipedia Tests -->
