<?xml version="1.0" encoding="UTF-8"?>
<!-- Generated by org.testng.reporters.JUnitXMLReporter -->
<testsuite ignored="4" hostname="LAPTOP-L2UM9ODI" failures="0" tests="3" name="Wikipedia Tests" time="122.165" errors="0" timestamp="2025-11-15T21:35:48 IST">
  <testcase classname="tests.HomeTest" name="openApp" time="12.184"/>
  <testcase classname="tests.WikipediaSearchTest" name="search" time="10.936"/>
  <testcase classname="tests.ArticleTest" name="article" time="98.969"/>
  <testcase classname="base.BaseTest" name="@AfterSuite tearDown" time="0.0">
    <ignored/>
  </testcase> <!-- @AfterSuite tearDown -->
  <testcase classname="base.BaseTest" name="@BeforeSuite setUp" time="0.0">
    <ignored/>
  </testcase> <!-- @BeforeSuite setUp -->
  <testcase classname="base.BaseTest" name="@AfterSuite tearDown" time="0.0">
    <ignored/>
  </testcase> <!-- @AfterSuite tearDown -->
  <testcase classname="base.BaseTest" name="@BeforeSuite setUp" time="0.0">
    <ignored/>
  </testcase> <!-- @BeforeSuite setUp -->
</testsuite> <!-- Wikipedia Tests -->
