<?xml version="1.0" encoding="UTF-8"?>
<!-- Generated by org.testng.reporters.JUnitReportReporter -->
<testsuite hostname="LAPTOP-L2UM9ODI" failures="0" tests="3" name="negativetests.InterruptTest" time="18.993" errors="0" timestamp="2025-11-19T20:21:06 IST" skipped="0">
  <testcase classname="negativetests.InterruptTest" name="turnOnInternetInterruption" time="8.055"/>
  <testcase classname="negativetests.InterruptTest" name="InternetInterruption" time="0.906"/>
  <testcase classname="negativetests.InterruptTest" name="turnOffInternetInterruption" time="10.032"/>
</testsuite> <!-- negativetests.InterruptTest -->
