<?xml version="1.0" encoding="UTF-8"?>
<!-- Generated by org.testng.reporters.JUnitReportReporter -->
<testsuite hostname="LAPTOP-L2UM9ODI" failures="0" tests="5" name="negativetests.NegativeSearchTest" time="218.727" errors="0" timestamp="2025-11-17T16:54:52 IST" skipped="0">
  <testcase classname="negativetests.NegativeSearchTest" name="searchInvalidText" time="43.685"/>
  <testcase classname="negativetests.NegativeSearchTest" name="searchSpecialCharacters" time="46.586"/>
  <testcase classname="negativetests.NegativeSearchTest" name="searchVeryLongText" time="41.100"/>
  <testcase classname="negativetests.NegativeSearchTest" name="searchEmptyInput" time="44.374"/>
  <testcase classname="negativetests.NegativeSearchTest" name="searchSpacesOnly" time="42.982"/>
</testsuite> <!-- negativetests.NegativeSearchTest -->
