<?xml version="1.0" encoding="UTF-8"?>
<!-- Generated by org.testng.reporters.JUnitReportReporter -->
<testsuite hostname="LAPTOP-L2UM9ODI" failures="0" tests="2" name="tests.PermissionTest" time="99.126" errors="0" timestamp="2025-11-27T18:37:46 IST" skipped="0">
  <testcase classname="tests.PermissionTest" name="WikipediaAllowPermissionTest" time="45.799"/>
  <testcase classname="tests.PermissionTest" name="WikipediaDenyPermissionTest" time="53.327"/>
</testsuite> <!-- tests.PermissionTest -->
