<?xml version="1.0" encoding="UTF-8"?>
<!-- Generated by org.testng.reporters.JUnitReportReporter -->
<testsuite hostname="LAPTOP-L2UM9ODI" failures="0" tests="5" name="negativetests.NegativeSearchTest" time="219.841" errors="0" timestamp="2025-11-18T23:07:35 IST" skipped="0">
  <testcase classname="negativetests.NegativeSearchTest" name="searchInvalidText" time="40.821"/>
  <testcase classname="negativetests.NegativeSearchTest" name="searchSpecialCharacters" time="42.108"/>
  <testcase classname="negativetests.NegativeSearchTest" name="searchVeryLongText" time="45.335"/>
  <testcase classname="negativetests.NegativeSearchTest" name="searchEmptyInput" time="46.145"/>
  <testcase classname="negativetests.NegativeSearchTest" name="searchSpacesOnly" time="45.432"/>
</testsuite> <!-- negativetests.NegativeSearchTest -->
