<?xml version="1.0" encoding="UTF-8"?>
<!-- Generated by org.testng.reporters.JUnitReportReporter -->
<testsuite hostname="LAPTOP-L2UM9ODI" failures="0" tests="2" name="tests.PermissionTest" time="95.171" errors="0" timestamp="2025-11-25T01:29:21 IST" skipped="0">
  <testcase classname="tests.PermissionTest" name="WikipediaDenyPermissionTest" time="49.156"/>
  <testcase classname="tests.PermissionTest" name="WikipediaAllowPermissionTest" time="46.015"/>
</testsuite> <!-- tests.PermissionTest -->
