<?xml version="1.0" encoding="UTF-8"?>
<!-- Generated by org.testng.reporters.JUnitXMLReporter -->
<testsuite ignored="2" hostname="LAPTOP-L2UM9ODI" failures="0" tests="2" name="Internet Interruption Test" time="41.925" errors="0" timestamp="2025-11-25T00:55:08 IST">
  <testcase classname="tests.WikipediaSearchTest" name="search" time="7.259"/>
  <testcase classname="negativetests.InterruptTest" name="InternetInterruption" time="34.552"/>
  <testcase classname="base.RegressionBaseTest" name="@BeforeSuite setUp" time="0.0">
    <ignored/>
  </testcase> <!-- @BeforeSuite setUp -->
  <testcase classname="base.RegressionBaseTest" name="@AfterSuite tearDown" time="0.0">
    <ignored/>
  </testcase> <!-- @AfterSuite tearDown -->
</testsuite> <!-- Internet Interruption Test -->
