<?xml version="1.0" encoding="UTF-8"?>
<!-- Generated by org.testng.reporters.JUnitXMLReporter -->
<testsuite ignored="2" hostname="LAPTOP-L2UM9ODI" failures="0" tests="2" name="WiFi Interruption Test" time="44.17" errors="0" timestamp="2025-11-24T02:37:43 IST">
  <testcase classname="tests.WikipediaSearchTest" name="search" time="10.118"/>
  <testcase classname="negativetests.InterruptTest" name="InternetInterruption" time="33.954"/>
  <testcase classname="base.RegressionBaseTest" name="@BeforeSuite setUp" time="0.0">
    <ignored/>
  </testcase> <!-- @BeforeSuite setUp -->
  <testcase classname="base.RegressionBaseTest" name="@AfterSuite tearDown" time="0.0">
    <ignored/>
  </testcase> <!-- @AfterSuite tearDown -->
</testsuite> <!-- WiFi Interruption Test -->
