<?xml version="1.0" encoding="UTF-8"?>
<!-- Generated by org.testng.reporters.JUnitXMLReporter -->
<testsuite ignored="2" hostname="LAPTOP-L2UM9ODI" failures="0" tests="2" name="WiFi Interruption Test" time="35.701" errors="0" timestamp="2025-11-20T21:34:47 IST">
  <testcase classname="tests.WikipediaSearchTest" name="search" time="10.614"/>
  <testcase classname="negativetests.InterruptTest" name="InternetInterruption" time="24.872"/>
  <testcase classname="base.RegressionBaseTest" name="@BeforeSuite setUp" time="0.0">
    <ignored/>
  </testcase> <!-- @BeforeSuite setUp -->
  <testcase classname="base.RegressionBaseTest" name="@AfterSuite tearDown" time="0.0">
    <ignored/>
  </testcase> <!-- @AfterSuite tearDown -->
</testsuite> <!-- WiFi Interruption Test -->
